conv1a 1792
conv2a 221312
conv2b 442496
conv3a 884992
conv3b 1769728
conv4a 3539456
conv4b 7078400
Deconv1c 1769728
Deconv2c 442496
Deconv3c 110656
conv1a 1792
conv2a 221312
conv2b 442496
conv3a 884992
conv3b 1769728
conv4a 3539456
conv4b 7078400
Deconv1c 1769728
Deconv2c 442496
Deconv3c 110656
conv1a 1792
conv2a 221312
conv2b 442496
conv3a 884992
conv3b 1769728
conv4a 3539456
conv4b 7078400
Deconv1c 1769728
Deconv2c 442496
Deconv3c 110656
conv1a 1792
conv2a 221312
conv2b 442496
conv3a 884992
conv3b 1769728
conv4a 3539456
conv4b 7078400
Deconv1c 1769728
Deconv2c 442496
Deconv3c 110656
conv1a 1792
conv2a 221312
conv2b 442496
conv3a 884992
conv3b 1769728
conv4a 3539456
conv4b 7078400
Deconv1c 1769728
Deconv2c 442496
Deconv3c 110656
conv1a 1792
conv2a 221312
conv2b 442496
conv3a 884992
conv3b 1769728
conv4a 3539456
conv4b 7078400
Deconv1c 1769728
Deconv2c 442496
Deconv3c 110656
conv1a 1792
conv2a 221312
conv2b 442496
conv3a 884992
conv3b 1769728
conv4a 3539456
conv4b 7078400
Deconv1c 1769728
Deconv2c 442496
Deconv3c 110656
conv1a 1792
conv2a 221312
conv2b 442496
conv3a 884992
conv3b 1769728
conv4a 3539456
conv4b 7078400
Deconv1c 1769728
Deconv2c 442496
Deconv3c 110656
conv1a 1792
conv2a 221312
conv2b 442496
conv3a 884992
conv3b 1769728
conv4a 3539456
conv4b 7078400
Deconv1c 1769728
Deconv2c 442496
Deconv3c 110656
conv1a 1792
conv2a 221312
conv2b 442496
conv3a 884992
conv3b 1769728
conv4a 3539456
conv4b 7078400
Deconv1c 1769728
Deconv2c 442496
Deconv3c 110656
conv1a 1792
conv2a 221312
conv2b 442496
conv3a 884992
conv3b 1769728
conv4a 3539456
conv4b 7078400
Deconv1c 1769728
Deconv2c 442496
Deconv3c 110656
conv1a 1792
conv2a 221312
conv2b 442496
conv3a 884992
conv3b 1769728
conv4a 3539456
conv4b 7078400
Deconv1c 1769728
Deconv2c 442496
Deconv3c 110656
conv1a 1792
conv2a 221312
conv2b 442496
conv3a 884992
conv3b 1769728
conv4a 3539456
conv4b 7078400
Deconv1c 1769728
Deconv2c 442496
Deconv3c 110656
conv1a 1792
conv2a 221312
conv2b 442496
conv3a 884992
conv3b 1769728
conv4a 3539456
conv4b 7078400
Deconv1c 1769728
Deconv2c 442496
Deconv3c 110656
conv1a 1792
conv2a 221312
conv2b 442496
conv3a 884992
conv3b 1769728
conv4a 3539456
conv4b 7078400
Deconv1c 1769728
Deconv2c 442496
Deconv3c 110656
conv1a 1792
conv2a 221312
conv2b 442496
conv3a 884992
conv3b 1769728
conv4a 3539456
conv4b 7078400
Deconv1c 1769728
Deconv2c 442496
Deconv3c 110656
